<?xml version="1.0" encoding="utf-8"?>
<testsuite package="org.checkstyle" time="0" tests="11" errors="47" name="checkstyle">
<testcase time="0" name="controller/App.java" classname="CheckStyle Issues">
<failure message="issues" ><![CDATA[line: 5 column: column:1 
Extra separation in import group before 'model.DayCounter'
----------------
line: 11 column: column:1 
Missing a Javadoc comment.
----------------
line: 12 column: column:3 
Missing a Javadoc comment.
----------------
line: 18 column: 
Line is longer than 120 characters (found 123).
----------------
]]></failure>
</testcase><testcase time="0" name="model/Contract.java" classname="CheckStyle Issues">
<failure message="issues" ><![CDATA[line: 3 column: column:1 
Missing a Javadoc comment.
----------------
line: 8 column: column:3 
Missing a Javadoc comment.
----------------
line: 23 column: 
Line is longer than 120 characters (found 125).
----------------
line: 46 column: column:3 
Missing a Javadoc comment.
----------------
]]></failure>
</testcase><testcase time="0" name="model/Day.java" classname="CheckStyle Issues">
<failure message="issues" ><![CDATA[line: 3 column: column:1 
Missing a Javadoc comment.
----------------
]]></failure>
</testcase><testcase time="0" name="model/DayCounter.java" classname="CheckStyle Issues">
<failure message="issues" ><![CDATA[line: 3 column: column:1 
Missing a Javadoc comment.
----------------
]]></failure>
</testcase><testcase time="0" name="model/IdGenerator.java" classname="CheckStyle Issues">
<failure message="issues" ><![CDATA[line: 5 column: column:1 
Missing a Javadoc comment.
----------------
]]></failure>
</testcase><testcase time="0" name="model/Interval.java" classname="CheckStyle Issues">
<failure message="issues" ><![CDATA[line: 5 column: column:1 
Missing a Javadoc comment.
----------------
line: 10 column: column:3 
Missing a Javadoc comment.
----------------
line: 50 column: column:3 
Missing a Javadoc comment.
----------------
line: 62 column: column:3 
Missing a Javadoc comment.
----------------
]]></failure>
</testcase><testcase time="0" name="model/Item.java" classname="CheckStyle Issues">
<failure message="issues" ><![CDATA[line: 5 column: column:1 
Missing a Javadoc comment.
----------------
line: 14 column: column:3 
Missing a Javadoc comment.
----------------
line: 27 column: column:3 
Missing a Javadoc comment.
----------------
line: 38 column: column:3 
Missing a Javadoc comment.
----------------
line: 60 column: column:3 
Missing a Javadoc comment.
----------------
line: 71 column: column:3 
Missing a Javadoc comment.
----------------
line: 87 column: column:3 
Missing a Javadoc comment.
----------------
line: 116 column: column:3 
Missing a Javadoc comment.
----------------
line: 126 column: column:3 
Missing a Javadoc comment.
----------------
line: 136 column: column:3 
Missing a Javadoc comment.
----------------
]]></failure>
</testcase><testcase time="0" name="model/Member.java" classname="CheckStyle Issues">
<failure message="issues" ><![CDATA[line: 6 column: column:1 
Missing a Javadoc comment.
----------------
line: 17 column: column:3 
Missing a Javadoc comment.
----------------
line: 27 column: column:3 
Missing a Javadoc comment.
----------------
line: 31 column: 
Line is longer than 120 characters (found 127).
----------------
line: 37 column: column:3 
Missing a Javadoc comment.
----------------
line: 50 column: column:3 
Missing a Javadoc comment.
----------------
line: 66 column: column:3 
Missing a Javadoc comment.
----------------
line: 114 column: column:3 
Missing a Javadoc comment.
----------------
line: 130 column: column:3 
Missing a Javadoc comment.
----------------
line: 144 column: column:3 
Missing a Javadoc comment.
----------------
line: 151 column: column:3 
Missing a Javadoc comment.
----------------
]]></failure>
</testcase><testcase time="0" name="model/Registry.java" classname="CheckStyle Issues">
<failure message="issues" ><![CDATA[line: 5 column: column:1 
Missing a Javadoc comment.
----------------
line: 15 column: column:3 
Missing a Javadoc comment.
----------------
line: 33 column: column:3 
Missing a Javadoc comment.
----------------
line: 42 column: column:3 
Missing a Javadoc comment.
----------------
line: 56 column: column:3 
Missing a Javadoc comment.
----------------
line: 67 column: 
Line is longer than 120 characters (found 127).
----------------
line: 71 column: column:3 
Missing a Javadoc comment.
----------------
line: 109 column: column:3 
Missing a Javadoc comment.
----------------
line: 128 column: column:3 
Missing a Javadoc comment.
----------------
]]></failure>
</testcase><testcase time="0" name="model/Type.java" classname="CheckStyle Issues">
<failure message="issues" ><![CDATA[line: 3 column: column:1 
Missing a Javadoc comment.
----------------
]]></failure>
</testcase><testcase time="0" name="view/Console.java" classname="CheckStyle Issues">
<failure message="issues" ><![CDATA[line: 3 column: column:1 
Missing a Javadoc comment.
----------------
]]></failure>
</testcase></testsuite>