<?xml version="1.0" encoding="utf-8"?>
<testsuite package="org.checkstyle" time="0" tests="28" errors="124" name="checkstyle">
<testcase time="0" name="controller/User.java" classname="CheckStyle Issues">
<failure message="issues" ><![CDATA[line: 6 column: column:1 
Extra separation in import group before 'controller.menus.MainMenu'
----------------
line: 6 column: column:1 
Wrong lexicographical order for 'controller.menus.MainMenu' import. Should 
  be before 'java.util.Scanner'.
----------------
line: 13 column: column:1 
Missing a Javadoc comment.
----------------
line: 14 column: column:46 
';' should be separated from previous statement.
----------------
line: 14 column: column:46 
Only one statement per line allowed.
----------------
line: 26 column: column:3 
Missing a Javadoc comment.
----------------
]]></failure>
</testcase><testcase time="0" name="controller/menus/MainMenu.java" classname="CheckStyle Issues">
<failure message="issues" ><![CDATA[line: 9 column: column:1 
Missing a Javadoc comment.
----------------
line: 17 column: column:3 
Missing a Javadoc comment.
----------------
line: 23 column: column:3 
Missing a Javadoc comment.
----------------
]]></failure>
</testcase><testcase time="0" name="controller/menus/UpdateMemberMenu.java" classname="CheckStyle Issues">
<failure message="issues" ><![CDATA[line: 8 column: column:1 
Missing a Javadoc comment.
----------------
line: 16 column: column:3 
Missing a Javadoc comment.
----------------
line: 22 column: column:3 
Missing a Javadoc comment.
----------------
]]></failure>
</testcase><testcase time="0" name="controller/menus/ItemMenu.java" classname="CheckStyle Issues">
<failure message="issues" ><![CDATA[line: 9 column: column:1 
Missing a Javadoc comment.
----------------
line: 17 column: column:3 
Missing a Javadoc comment.
----------------
line: 24 column: column:3 
Missing a Javadoc comment.
----------------
]]></failure>
</testcase><testcase time="0" name="controller/menus/DataFetcher.java" classname="CheckStyle Issues">
<failure message="issues" ><![CDATA[line: 8 column: column:1 
Missing a Javadoc comment.
----------------
line: 11 column: column:3 
Missing a Javadoc comment.
----------------
line: 24 column: column:3 
Missing a Javadoc comment.
----------------
line: 37 column: column:3 
Missing a Javadoc comment.
----------------
line: 50 column: column:3 
Missing a Javadoc comment.
----------------
line: 63 column: column:3 
Missing a Javadoc comment.
----------------
line: 76 column: column:3 
Missing a Javadoc comment.
----------------
line: 89 column: column:3 
Missing a Javadoc comment.
----------------
line: 102 column: column:3 
Missing a Javadoc comment.
----------------
]]></failure>
</testcase><testcase time="0" name="controller/menus/MemberMenu.java" classname="CheckStyle Issues">
<failure message="issues" ><![CDATA[line: 11 column: column:1 
Missing a Javadoc comment.
----------------
line: 22 column: column:3 
Missing a Javadoc comment.
----------------
line: 31 column: column:3 
Missing a Javadoc comment.
----------------
]]></failure>
</testcase><testcase time="0" name="controller/menus/UpdateItemMenu.java" classname="CheckStyle Issues">
<failure message="issues" ><![CDATA[line: 9 column: column:1 
Missing a Javadoc comment.
----------------
line: 21 column: column:3 
Missing a Javadoc comment.
----------------
]]></failure>
</testcase><testcase time="0" name="controller/App.java" classname="CheckStyle Issues">
<failure message="issues" ><![CDATA[line: 2 column: column:1 
'import' should be separated from previous statement.
----------------
line: 4 column: column:1 
Extra separation in import group before 'model.persistence.Persistence'
----------------
line: 6 column: column:1 
Missing a Javadoc comment.
----------------
line: 7 column: column:3 
Missing a Javadoc comment.
----------------
]]></failure>
</testcase><testcase time="0" name="model/Contract.java" classname="CheckStyle Issues">
<failure message="issues" ><![CDATA[line: 3 column: column:1 
Missing a Javadoc comment.
----------------
line: 8 column: column:3 
Missing a Javadoc comment.
----------------
line: 23 column: 
Line is longer than 120 characters (found 125).
----------------
line: 46 column: column:3 
Missing a Javadoc comment.
----------------
]]></failure>
</testcase><testcase time="0" name="model/IdGenerator.java" classname="CheckStyle Issues">
<failure message="issues" ><![CDATA[line: 5 column: column:1 
Missing a Javadoc comment.
----------------
]]></failure>
</testcase><testcase time="0" name="model/Interval.java" classname="CheckStyle Issues">
<failure message="issues" ><![CDATA[line: 5 column: column:1 
Missing a Javadoc comment.
----------------
line: 10 column: column:3 
Missing a Javadoc comment.
----------------
line: 50 column: column:3 
Missing a Javadoc comment.
----------------
line: 62 column: column:3 
Missing a Javadoc comment.
----------------
]]></failure>
</testcase><testcase time="0" name="model/DayCounter.java" classname="CheckStyle Issues">
<failure message="issues" ><![CDATA[line: 3 column: column:1 
Missing a Javadoc comment.
----------------
]]></failure>
</testcase><testcase time="0" name="model/Validator.java" classname="CheckStyle Issues">
<failure message="issues" ><![CDATA[line: 5 column: column:1 
Missing a Javadoc comment.
----------------
line: 16 column: column:3 
Missing a Javadoc comment.
----------------
line: 23 column: column:3 
Missing a Javadoc comment.
----------------
line: 30 column: column:3 
Missing a Javadoc comment.
----------------
line: 48 column: column:3 
Missing a Javadoc comment.
----------------
line: 54 column: column:3 
Missing a Javadoc comment.
----------------
]]></failure>
</testcase><testcase time="0" name="model/Day.java" classname="CheckStyle Issues">
<failure message="issues" ><![CDATA[line: 3 column: column:1 
Missing a Javadoc comment.
----------------
]]></failure>
</testcase><testcase time="0" name="model/persistence/Persistence.java" classname="CheckStyle Issues">
<failure message="issues" ><![CDATA[line: 7 column: column:1 
Missing a Javadoc comment.
----------------
]]></failure>
</testcase><testcase time="0" name="model/persistence/IfPersistence.java" classname="CheckStyle Issues">
<failure message="issues" ><![CDATA[line: 6 column: column:1 
Missing a Javadoc comment.
----------------
]]></failure>
</testcase><testcase time="0" name="model/Member.java" classname="CheckStyle Issues">
<failure message="issues" ><![CDATA[line: 5 column: column:1 
Missing a Javadoc comment.
----------------
line: 17 column: column:3 
Missing a Javadoc comment.
----------------
line: 27 column: column:3 
Missing a Javadoc comment.
----------------
line: 29 column: 
Line is longer than 120 characters (found 139).
----------------
line: 51 column: column:3 
Missing a Javadoc comment.
----------------
line: 107 column: column:3 
Missing a Javadoc comment.
----------------
line: 121 column: column:3 
Missing a Javadoc comment.
----------------
line: 133 column: column:3 
Missing a Javadoc comment.
----------------
]]></failure>
</testcase><testcase time="0" name="model/ItemType.java" classname="CheckStyle Issues">
<failure message="issues" ><![CDATA[line: 3 column: column:1 
Missing a Javadoc comment.
----------------
]]></failure>
</testcase><testcase time="0" name="model/Registry.java" classname="CheckStyle Issues">
<failure message="issues" ><![CDATA[line: 5 column: column:1 
Missing a Javadoc comment.
----------------
line: 15 column: column:3 
Missing a Javadoc comment.
----------------
line: 33 column: column:3 
Missing a Javadoc comment.
----------------
line: 52 column: column:3 
Missing a Javadoc comment.
----------------
line: 54 column: 
Line is longer than 120 characters (found 132).
----------------
line: 62 column: column:3 
Missing a Javadoc comment.
----------------
line: 117 column: column:3 
Missing a Javadoc comment.
----------------
line: 126 column: column:3 
Missing a Javadoc comment.
----------------
line: 171 column: column:3 
Missing a Javadoc comment.
----------------
line: 183 column: column:3 
Missing a Javadoc comment.
----------------
line: 199 column: column:3 
Missing a Javadoc comment.
----------------
]]></failure>
</testcase><testcase time="0" name="model/Item.java" classname="CheckStyle Issues">
<failure message="issues" ><![CDATA[line: 5 column: column:1 
Missing a Javadoc comment.
----------------
line: 16 column: column:3 
Missing a Javadoc comment.
----------------
line: 34 column: column:3 
Missing a Javadoc comment.
----------------
line: 45 column: column:3 
Missing a Javadoc comment.
----------------
line: 67 column: column:3 
Missing a Javadoc comment.
----------------
line: 87 column: column:3 
Missing a Javadoc comment.
----------------
line: 103 column: column:3 
Missing a Javadoc comment.
----------------
line: 131 column: column:3 
Missing a Javadoc comment.
----------------
line: 140 column: column:3 
Missing a Javadoc comment.
----------------
line: 150 column: column:3 
Missing a Javadoc comment.
----------------
]]></failure>
</testcase><testcase time="0" name="view/menuChoices/ItemChoice.java" classname="CheckStyle Issues">
<failure message="issues" ><![CDATA[line: 1 column: column:9 
Package name 'view.menuChoices' must match pattern 
  '^[a-z]+(\.[a-z][a-z0-9]*)*$'.
----------------
line: 3 column: column:1 
Missing a Javadoc comment.
----------------
]]></failure>
</testcase><testcase time="0" name="view/menuChoices/MemberChoice.java" classname="CheckStyle Issues">
<failure message="issues" ><![CDATA[line: 1 column: column:9 
Package name 'view.menuChoices' must match pattern 
  '^[a-z]+(\.[a-z][a-z0-9]*)*$'.
----------------
line: 3 column: column:1 
Missing a Javadoc comment.
----------------
]]></failure>
</testcase><testcase time="0" name="view/menuChoices/UpdateItemChoice.java" classname="CheckStyle Issues">
<failure message="issues" ><![CDATA[line: 1 column: column:9 
Package name 'view.menuChoices' must match pattern 
  '^[a-z]+(\.[a-z][a-z0-9]*)*$'.
----------------
line: 3 column: column:1 
Missing a Javadoc comment.
----------------
]]></failure>
</testcase><testcase time="0" name="view/menuChoices/MainChoice.java" classname="CheckStyle Issues">
<failure message="issues" ><![CDATA[line: 1 column: column:9 
Package name 'view.menuChoices' must match pattern 
  '^[a-z]+(\.[a-z][a-z0-9]*)*$'.
----------------
line: 3 column: column:1 
Missing a Javadoc comment.
----------------
]]></failure>
</testcase><testcase time="0" name="view/menuChoices/UpdateMemberChoice.java" classname="CheckStyle Issues">
<failure message="issues" ><![CDATA[line: 1 column: column:9 
Package name 'view.menuChoices' must match pattern 
  '^[a-z]+(\.[a-z][a-z0-9]*)*$'.
----------------
line: 3 column: column:1 
Missing a Javadoc comment.
----------------
]]></failure>
</testcase><testcase time="0" name="view/Output.java" classname="CheckStyle Issues">
<failure message="issues" ><![CDATA[line: 5 column: column:1 
Extra separation in import group before 'model.Contract'
----------------
line: 10 column: column:1 
Missing a Javadoc comment.
----------------
line: 11 column: column:3 
Missing a Javadoc comment.
----------------
line: 23 column: column:3 
Missing a Javadoc comment.
----------------
line: 35 column: column:3 
Missing a Javadoc comment.
----------------
line: 46 column: column:3 
Missing a Javadoc comment.
----------------
line: 56 column: column:3 
Missing a Javadoc comment.
----------------
line: 75 column: column:3 
Missing a Javadoc comment.
----------------
line: 94 column: column:3 
Missing a Javadoc comment.
----------------
line: 107 column: column:3 
Missing a Javadoc comment.
----------------
line: 114 column: column:3 
Missing a Javadoc comment.
----------------
]]></failure>
</testcase><testcase time="0" name="view/Input.java" classname="CheckStyle Issues">
<failure message="issues" ><![CDATA[line: 5 column: column:1 
Extra separation in import group before 'model.Day'
----------------
line: 9 column: column:1 
Extra separation in import group before 'view.menuChoices.ItemChoice'
----------------
line: 15 column: column:1 
Missing a Javadoc comment.
----------------
line: 19 column: column:3 
Missing a Javadoc comment.
----------------
line: 40 column: column:3 
Missing a Javadoc comment.
----------------
line: 60 column: column:3 
Missing a Javadoc comment.
----------------
line: 78 column: column:3 
Missing a Javadoc comment.
----------------
line: 94 column: column:3 
Missing a Javadoc comment.
----------------
line: 112 column: column:3 
Missing a Javadoc comment.
----------------
line: 119 column: column:3 
Missing a Javadoc comment.
----------------
line: 126 column: column:3 
Missing a Javadoc comment.
----------------
line: 133 column: column:3 
Missing a Javadoc comment.
----------------
line: 140 column: column:3 
Missing a Javadoc comment.
----------------
line: 147 column: column:3 
Missing a Javadoc comment.
----------------
line: 154 column: column:3 
Missing a Javadoc comment.
----------------
line: 176 column: column:3 
Missing a Javadoc comment.
----------------
line: 190 column: column:3 
Missing a Javadoc comment.
----------------
line: 197 column: column:3 
Missing a Javadoc comment.
----------------
line: 203 column: column:3 
Missing a Javadoc comment.
----------------
]]></failure>
</testcase><testcase time="0" name="view/Console.java" classname="CheckStyle Issues">
<failure message="issues" ><![CDATA[line: 5 column: column:1 
Extra separation in import group before 'model.Day'
----------------
line: 15 column: column:1 
Missing a Javadoc comment.
----------------
]]></failure>
</testcase></testsuite>