<?xml version="1.0" encoding="utf-8"?>
<testsuite package="org.checkstyle" time="0" tests="5" errors="12" name="checkstyle">
<testcase time="0" name="controller/App.java" classname="CheckStyle Issues">
<failure message="issues" ><![CDATA[line: 7 column: column:1 
Missing a Javadoc comment.
----------------
line: 8 column: column:3 
Missing a Javadoc comment.
----------------
]]></failure>
</testcase><testcase time="0" name="model/IdGenerator.java" classname="CheckStyle Issues">
<failure message="issues" ><![CDATA[line: 5 column: column:1 
Missing a Javadoc comment.
----------------
]]></failure>
</testcase><testcase time="0" name="model/Member.java" classname="CheckStyle Issues">
<failure message="issues" ><![CDATA[line: 5 column: column:1 
Missing a Javadoc comment.
----------------
line: 11 column: column:3 
Missing a Javadoc comment.
----------------
line: 18 column: column:3 
Missing a Javadoc comment.
----------------
]]></failure>
</testcase><testcase time="0" name="model/Registry.java" classname="CheckStyle Issues">
<failure message="issues" ><![CDATA[line: 5 column: column:1 
Missing a Javadoc comment.
----------------
line: 15 column: column:3 
Missing a Javadoc comment.
----------------
line: 38 column: column:3 
Missing a Javadoc comment.
----------------
line: 50 column: column:3 
Missing a Javadoc comment.
----------------
line: 65 column: column:3 
Missing a Javadoc comment.
----------------
]]></failure>
</testcase><testcase time="0" name="view/Console.java" classname="CheckStyle Issues">
<failure message="issues" ><![CDATA[line: 3 column: column:1 
Missing a Javadoc comment.
----------------
]]></failure>
</testcase></testsuite>