<?xml version="1.0" encoding="utf-8"?>
<testsuite package="org.checkstyle" time="0" tests="28" errors="129" name="checkstyle">
<testcase time="0" name="controller/User.java" classname="CheckStyle Issues">
<failure message="issues" ><![CDATA[line: 9 column: column:1 
Missing a Javadoc comment.
----------------
line: 17 column: column:3 
Missing a Javadoc comment.
----------------
line: 23 column: column:3 
Missing a Javadoc comment.
----------------
]]></failure>
</testcase><testcase time="0" name="controller/menus/MainMenu.java" classname="CheckStyle Issues">
<failure message="issues" ><![CDATA[line: 9 column: column:1 
Missing a Javadoc comment.
----------------
line: 17 column: column:3 
Missing a Javadoc comment.
----------------
line: 23 column: column:3 
Missing a Javadoc comment.
----------------
]]></failure>
</testcase><testcase time="0" name="controller/menus/UpdateMemberMenu.java" classname="CheckStyle Issues">
<failure message="issues" ><![CDATA[line: 7 column: column:1 
Missing a Javadoc comment.
----------------
line: 19 column: column:3 
Missing a Javadoc comment.
----------------
]]></failure>
</testcase><testcase time="0" name="controller/menus/ItemMenu.java" classname="CheckStyle Issues">
<failure message="issues" ><![CDATA[line: 9 column: column:1 
Missing a Javadoc comment.
----------------
line: 17 column: column:3 
Missing a Javadoc comment.
----------------
line: 24 column: column:3 
Missing a Javadoc comment.
----------------
]]></failure>
</testcase><testcase time="0" name="controller/menus/DataFetcher.java" classname="CheckStyle Issues">
<failure message="issues" ><![CDATA[line: 13 column: column:1 
Missing a Javadoc comment.
----------------
line: 16 column: column:3 
Missing a Javadoc comment.
----------------
line: 30 column: column:3 
Missing a Javadoc comment.
----------------
line: 44 column: column:3 
Missing a Javadoc comment.
----------------
line: 58 column: column:3 
Missing a Javadoc comment.
----------------
line: 72 column: column:3 
Missing a Javadoc comment.
----------------
line: 86 column: column:3 
Missing a Javadoc comment.
----------------
line: 99 column: column:3 
Missing a Javadoc comment.
----------------
line: 112 column: column:3 
Missing a Javadoc comment.
----------------
line: 125 column: column:3 
Missing a Javadoc comment.
----------------
line: 138 column: column:3 
Missing a Javadoc comment.
----------------
line: 151 column: column:3 
Missing a Javadoc comment.
----------------
line: 164 column: column:3 
Missing a Javadoc comment.
----------------
line: 177 column: column:3 
Missing a Javadoc comment.
----------------
line: 190 column: column:3 
Missing a Javadoc comment.
----------------
line: 203 column: column:3 
Missing a Javadoc comment.
----------------
line: 216 column: column:3 
Missing a Javadoc comment.
----------------
]]></failure>
</testcase><testcase time="0" name="controller/menus/MemberMenu.java" classname="CheckStyle Issues">
<failure message="issues" ><![CDATA[line: 10 column: column:1 
Missing a Javadoc comment.
----------------
line: 20 column: column:3 
Missing a Javadoc comment.
----------------
line: 28 column: column:3 
Missing a Javadoc comment.
----------------
]]></failure>
</testcase><testcase time="0" name="controller/menus/UpdateItemMenu.java" classname="CheckStyle Issues">
<failure message="issues" ><![CDATA[line: 8 column: column:1 
Missing a Javadoc comment.
----------------
line: 20 column: column:3 
Missing a Javadoc comment.
----------------
]]></failure>
</testcase><testcase time="0" name="controller/App.java" classname="CheckStyle Issues">
<failure message="issues" ><![CDATA[line: 2 column: column:1 
'import' should be separated from previous statement.
----------------
line: 5 column: column:1 
Missing a Javadoc comment.
----------------
line: 6 column: column:3 
Missing a Javadoc comment.
----------------
]]></failure>
</testcase><testcase time="0" name="model/Contract.java" classname="CheckStyle Issues">
<failure message="issues" ><![CDATA[line: 3 column: column:1 
Missing a Javadoc comment.
----------------
line: 8 column: column:3 
Missing a Javadoc comment.
----------------
line: 23 column: 
Line is longer than 120 characters (found 125).
----------------
line: 46 column: column:3 
Missing a Javadoc comment.
----------------
]]></failure>
</testcase><testcase time="0" name="model/IdGenerator.java" classname="CheckStyle Issues">
<failure message="issues" ><![CDATA[line: 5 column: column:1 
Missing a Javadoc comment.
----------------
]]></failure>
</testcase><testcase time="0" name="model/Interval.java" classname="CheckStyle Issues">
<failure message="issues" ><![CDATA[line: 5 column: column:1 
Missing a Javadoc comment.
----------------
line: 10 column: column:3 
Missing a Javadoc comment.
----------------
line: 50 column: column:3 
Missing a Javadoc comment.
----------------
line: 62 column: column:3 
Missing a Javadoc comment.
----------------
]]></failure>
</testcase><testcase time="0" name="model/DayCounter.java" classname="CheckStyle Issues">
<failure message="issues" ><![CDATA[line: 3 column: column:1 
Missing a Javadoc comment.
----------------
]]></failure>
</testcase><testcase time="0" name="model/Validator.java" classname="CheckStyle Issues">
<failure message="issues" ><![CDATA[line: 5 column: column:1 
Missing a Javadoc comment.
----------------
line: 16 column: column:3 
Missing a Javadoc comment.
----------------
line: 23 column: column:3 
Missing a Javadoc comment.
----------------
line: 30 column: column:3 
Missing a Javadoc comment.
----------------
line: 48 column: column:3 
Missing a Javadoc comment.
----------------
line: 54 column: column:3 
Missing a Javadoc comment.
----------------
]]></failure>
</testcase><testcase time="0" name="model/Day.java" classname="CheckStyle Issues">
<failure message="issues" ><![CDATA[line: 3 column: column:1 
Missing a Javadoc comment.
----------------
]]></failure>
</testcase><testcase time="0" name="model/persistence/Persistence.java" classname="CheckStyle Issues">
<failure message="issues" ><![CDATA[line: 11 column: column:1 
Missing a Javadoc comment.
----------------
]]></failure>
</testcase><testcase time="0" name="model/persistence/IfPersistence.java" classname="CheckStyle Issues">
<failure message="issues" ><![CDATA[line: 5 column: column:1 
Missing a Javadoc comment.
----------------
]]></failure>
</testcase><testcase time="0" name="model/Member.java" classname="CheckStyle Issues">
<failure message="issues" ><![CDATA[line: 5 column: column:1 
Missing a Javadoc comment.
----------------
line: 17 column: column:3 
Missing a Javadoc comment.
----------------
line: 27 column: column:3 
Missing a Javadoc comment.
----------------
line: 29 column: 
Line is longer than 120 characters (found 139).
----------------
line: 51 column: column:3 
Missing a Javadoc comment.
----------------
line: 107 column: column:3 
Missing a Javadoc comment.
----------------
line: 121 column: column:3 
Missing a Javadoc comment.
----------------
line: 133 column: column:3 
Missing a Javadoc comment.
----------------
]]></failure>
</testcase><testcase time="0" name="model/ItemType.java" classname="CheckStyle Issues">
<failure message="issues" ><![CDATA[line: 3 column: column:1 
Missing a Javadoc comment.
----------------
]]></failure>
</testcase><testcase time="0" name="model/Registry.java" classname="CheckStyle Issues">
<failure message="issues" ><![CDATA[line: 5 column: column:1 
Missing a Javadoc comment.
----------------
line: 12 column: column:3 
Missing a Javadoc comment.
----------------
line: 18 column: column:3 
Missing a Javadoc comment.
----------------
line: 36 column: column:3 
Missing a Javadoc comment.
----------------
line: 55 column: column:3 
Missing a Javadoc comment.
----------------
line: 57 column: 
Line is longer than 120 characters (found 132).
----------------
line: 65 column: column:3 
Missing a Javadoc comment.
----------------
line: 120 column: column:3 
Missing a Javadoc comment.
----------------
line: 129 column: column:3 
Missing a Javadoc comment.
----------------
line: 174 column: column:3 
Missing a Javadoc comment.
----------------
line: 186 column: column:3 
Missing a Javadoc comment.
----------------
line: 202 column: column:3 
Missing a Javadoc comment.
----------------
]]></failure>
</testcase><testcase time="0" name="model/Item.java" classname="CheckStyle Issues">
<failure message="issues" ><![CDATA[line: 5 column: column:1 
Missing a Javadoc comment.
----------------
line: 16 column: column:3 
Missing a Javadoc comment.
----------------
line: 26 column: column:3 
Missing a Javadoc comment.
----------------
line: 37 column: column:3 
Missing a Javadoc comment.
----------------
line: 56 column: column:3 
Missing a Javadoc comment.
----------------
line: 87 column: column:3 
Missing a Javadoc comment.
----------------
line: 103 column: column:3 
Missing a Javadoc comment.
----------------
line: 131 column: column:3 
Missing a Javadoc comment.
----------------
line: 140 column: column:3 
Missing a Javadoc comment.
----------------
line: 150 column: column:3 
Missing a Javadoc comment.
----------------
]]></failure>
</testcase><testcase time="0" name="view/menuChoices/ItemChoice.java" classname="CheckStyle Issues">
<failure message="issues" ><![CDATA[line: 1 column: column:9 
Package name 'view.menuChoices' must match pattern 
  '^[a-z]+(\.[a-z][a-z0-9]*)*$'.
----------------
line: 3 column: column:1 
Missing a Javadoc comment.
----------------
]]></failure>
</testcase><testcase time="0" name="view/menuChoices/MemberChoice.java" classname="CheckStyle Issues">
<failure message="issues" ><![CDATA[line: 1 column: column:9 
Package name 'view.menuChoices' must match pattern 
  '^[a-z]+(\.[a-z][a-z0-9]*)*$'.
----------------
line: 3 column: column:1 
Missing a Javadoc comment.
----------------
]]></failure>
</testcase><testcase time="0" name="view/menuChoices/UpdateItemChoice.java" classname="CheckStyle Issues">
<failure message="issues" ><![CDATA[line: 1 column: column:9 
Package name 'view.menuChoices' must match pattern 
  '^[a-z]+(\.[a-z][a-z0-9]*)*$'.
----------------
line: 3 column: column:1 
Missing a Javadoc comment.
----------------
]]></failure>
</testcase><testcase time="0" name="view/menuChoices/MainChoice.java" classname="CheckStyle Issues">
<failure message="issues" ><![CDATA[line: 1 column: column:9 
Package name 'view.menuChoices' must match pattern 
  '^[a-z]+(\.[a-z][a-z0-9]*)*$'.
----------------
line: 3 column: column:1 
Missing a Javadoc comment.
----------------
]]></failure>
</testcase><testcase time="0" name="view/menuChoices/UpdateMemberChoice.java" classname="CheckStyle Issues">
<failure message="issues" ><![CDATA[line: 1 column: column:9 
Package name 'view.menuChoices' must match pattern 
  '^[a-z]+(\.[a-z][a-z0-9]*)*$'.
----------------
line: 3 column: column:1 
Missing a Javadoc comment.
----------------
]]></failure>
</testcase><testcase time="0" name="view/Output.java" classname="CheckStyle Issues">
<failure message="issues" ><![CDATA[line: 5 column: column:1 
Extra separation in import group before 'model.Contract'
----------------
line: 10 column: column:1 
Missing a Javadoc comment.
----------------
line: 11 column: column:3 
Missing a Javadoc comment.
----------------
line: 23 column: column:3 
Missing a Javadoc comment.
----------------
line: 35 column: column:3 
Missing a Javadoc comment.
----------------
line: 46 column: column:3 
Missing a Javadoc comment.
----------------
line: 56 column: column:3 
Missing a Javadoc comment.
----------------
line: 75 column: column:3 
Missing a Javadoc comment.
----------------
line: 94 column: column:3 
Missing a Javadoc comment.
----------------
line: 107 column: column:3 
Missing a Javadoc comment.
----------------
line: 114 column: column:3 
Missing a Javadoc comment.
----------------
]]></failure>
</testcase><testcase time="0" name="view/Input.java" classname="CheckStyle Issues">
<failure message="issues" ><![CDATA[line: 5 column: column:1 
Extra separation in import group before 'model.Day'
----------------
line: 9 column: column:1 
Extra separation in import group before 'view.menuChoices.ItemChoice'
----------------
line: 15 column: column:1 
Missing a Javadoc comment.
----------------
line: 19 column: column:3 
Missing a Javadoc comment.
----------------
line: 40 column: column:3 
Missing a Javadoc comment.
----------------
line: 61 column: column:3 
Missing a Javadoc comment.
----------------
line: 80 column: column:3 
Missing a Javadoc comment.
----------------
line: 97 column: column:3 
Missing a Javadoc comment.
----------------
line: 116 column: column:3 
Missing a Javadoc comment.
----------------
line: 123 column: column:3 
Missing a Javadoc comment.
----------------
line: 130 column: column:3 
Missing a Javadoc comment.
----------------
line: 137 column: column:3 
Missing a Javadoc comment.
----------------
line: 144 column: column:3 
Missing a Javadoc comment.
----------------
line: 156 column: column:3 
Missing a Javadoc comment.
----------------
line: 163 column: column:3 
Missing a Javadoc comment.
----------------
line: 170 column: column:3 
Missing a Javadoc comment.
----------------
line: 192 column: column:3 
Missing a Javadoc comment.
----------------
line: 206 column: column:3 
Missing a Javadoc comment.
----------------
line: 213 column: column:3 
Missing a Javadoc comment.
----------------
line: 219 column: column:3 
Missing a Javadoc comment.
----------------
]]></failure>
</testcase><testcase time="0" name="view/Console.java" classname="CheckStyle Issues">
<failure message="issues" ><![CDATA[line: 5 column: column:1 
Extra separation in import group before 'model.Day'
----------------
line: 15 column: column:1 
Missing a Javadoc comment.
----------------
]]></failure>
</testcase></testsuite>