<?xml version="1.0" encoding="utf-8"?>
<testsuite package="org.checkstyle" time="0" tests="19" errors="73" name="checkstyle">
<testcase time="0" name="controller/User.java" classname="CheckStyle Issues">
<failure message="issues" ><![CDATA[line: 14 column: column:1 
Missing a Javadoc comment.
----------------
line: 20 column: column:3 
Missing a Javadoc comment.
----------------
line: 27 column: column:3 
Missing a Javadoc comment.
----------------
]]></failure>
</testcase><testcase time="0" name="model/Contract.java" classname="CheckStyle Issues">
<failure message="issues" ><![CDATA[line: 3 column: column:1 
Missing a Javadoc comment.
----------------
line: 8 column: column:3 
Missing a Javadoc comment.
----------------
line: 23 column: 
Line is longer than 120 characters (found 125).
----------------
line: 46 column: column:3 
Missing a Javadoc comment.
----------------
]]></failure>
</testcase><testcase time="0" name="model/IdGenerator.java" classname="CheckStyle Issues">
<failure message="issues" ><![CDATA[line: 5 column: column:1 
Missing a Javadoc comment.
----------------
]]></failure>
</testcase><testcase time="0" name="model/Type.java" classname="CheckStyle Issues">
<failure message="issues" ><![CDATA[line: 3 column: column:1 
Missing a Javadoc comment.
----------------
]]></failure>
</testcase><testcase time="0" name="model/Interval.java" classname="CheckStyle Issues">
<failure message="issues" ><![CDATA[line: 5 column: column:1 
Missing a Javadoc comment.
----------------
line: 10 column: column:3 
Missing a Javadoc comment.
----------------
line: 50 column: column:3 
Missing a Javadoc comment.
----------------
line: 62 column: column:3 
Missing a Javadoc comment.
----------------
]]></failure>
</testcase><testcase time="0" name="model/DayCounter.java" classname="CheckStyle Issues">
<failure message="issues" ><![CDATA[line: 3 column: column:1 
Missing a Javadoc comment.
----------------
]]></failure>
</testcase><testcase time="0" name="model/Validator.java" classname="CheckStyle Issues">
<failure message="issues" ><![CDATA[line: 5 column: column:1 
Missing a Javadoc comment.
----------------
line: 14 column: column:3 
Missing a Javadoc comment.
----------------
line: 21 column: column:3 
Missing a Javadoc comment.
----------------
line: 28 column: column:3 
Missing a Javadoc comment.
----------------
line: 41 column: column:3 
Missing a Javadoc comment.
----------------
line: 47 column: column:3 
Missing a Javadoc comment.
----------------
]]></failure>
</testcase><testcase time="0" name="model/Day.java" classname="CheckStyle Issues">
<failure message="issues" ><![CDATA[line: 3 column: column:1 
Missing a Javadoc comment.
----------------
]]></failure>
</testcase><testcase time="0" name="model/persistence/Persistence.java" classname="CheckStyle Issues">
<failure message="issues" ><![CDATA[line: 7 column: column:1 
Missing a Javadoc comment.
----------------
]]></failure>
</testcase><testcase time="0" name="model/persistence/IfPersistence.java" classname="CheckStyle Issues">
<failure message="issues" ><![CDATA[line: 6 column: column:1 
Missing a Javadoc comment.
----------------
]]></failure>
</testcase><testcase time="0" name="model/Member.java" classname="CheckStyle Issues">
<failure message="issues" ><![CDATA[line: 6 column: column:1 
Missing a Javadoc comment.
----------------
line: 18 column: column:3 
Missing a Javadoc comment.
----------------
line: 28 column: column:3 
Missing a Javadoc comment.
----------------
line: 32 column: 
Line is longer than 120 characters (found 127).
----------------
line: 87 column: column:3 
Missing a Javadoc comment.
----------------
line: 102 column: column:3 
Missing a Javadoc comment.
----------------
]]></failure>
</testcase><testcase time="0" name="model/Registry.java" classname="CheckStyle Issues">
<failure message="issues" ><![CDATA[line: 5 column: column:1 
Missing a Javadoc comment.
----------------
line: 15 column: column:3 
Missing a Javadoc comment.
----------------
line: 33 column: column:3 
Missing a Javadoc comment.
----------------
line: 42 column: column:3 
Missing a Javadoc comment.
----------------
line: 58 column: 
Line is longer than 120 characters (found 125).
----------------
line: 61 column: column:3 
Missing a Javadoc comment.
----------------
line: 104 column: column:3 
Missing a Javadoc comment.
----------------
line: 106 column: column:7 
'if' has incorrect indentation level 6, expected level should be 4.
----------------
line: 107 column: column:9 
'if' child has incorrect indentation level 8, expected level should be 6.
----------------
line: 108 column: column:7 
'if rcurly' has incorrect indentation level 6, expected level should be 4.
----------------
line: 109 column: column:9 
'else' child has incorrect indentation level 8, expected level should be 6.
----------------
line: 110 column: column:7 
'else rcurly' has incorrect indentation level 6, expected level should be 
  4.
----------------
line: 113 column: column:3 
Missing a Javadoc comment.
----------------
]]></failure>
</testcase><testcase time="0" name="model/Item.java" classname="CheckStyle Issues">
<failure message="issues" ><![CDATA[line: 5 column: column:1 
Missing a Javadoc comment.
----------------
line: 14 column: column:3 
Missing a Javadoc comment.
----------------
line: 27 column: column:3 
Missing a Javadoc comment.
----------------
line: 38 column: column:3 
Missing a Javadoc comment.
----------------
line: 60 column: column:3 
Missing a Javadoc comment.
----------------
line: 71 column: column:3 
Missing a Javadoc comment.
----------------
line: 87 column: column:3 
Missing a Javadoc comment.
----------------
line: 116 column: column:3 
Missing a Javadoc comment.
----------------
line: 126 column: column:3 
Missing a Javadoc comment.
----------------
line: 136 column: column:3 
Missing a Javadoc comment.
----------------
]]></failure>
</testcase><testcase time="0" name="view/ItemChoice.java" classname="CheckStyle Issues">
<failure message="issues" ><![CDATA[line: 3 column: column:1 
Missing a Javadoc comment.
----------------
]]></failure>
</testcase><testcase time="0" name="view/MemberChoice.java" classname="CheckStyle Issues">
<failure message="issues" ><![CDATA[line: 3 column: column:1 
Missing a Javadoc comment.
----------------
]]></failure>
</testcase><testcase time="0" name="view/MainChoice.java" classname="CheckStyle Issues">
<failure message="issues" ><![CDATA[line: 3 column: column:1 
Missing a Javadoc comment.
----------------
]]></failure>
</testcase><testcase time="0" name="view/Console.java" classname="CheckStyle Issues">
<failure message="issues" ><![CDATA[line: 11 column: column:1 
Missing a Javadoc comment.
----------------
line: 21 column: column:3 
Missing a Javadoc comment.
----------------
line: 33 column: column:3 
Missing a Javadoc comment.
----------------
line: 44 column: column:3 
Missing a Javadoc comment.
----------------
line: 55 column: column:3 
Missing a Javadoc comment.
----------------
line: 65 column: column:3 
Missing a Javadoc comment.
----------------
line: 86 column: column:3 
Missing a Javadoc comment.
----------------
line: 104 column: column:3 
Missing a Javadoc comment.
----------------
line: 122 column: column:3 
Missing a Javadoc comment.
----------------
line: 151 column: column:3 
Missing a Javadoc comment.
----------------
line: 158 column: column:3 
Missing a Javadoc comment.
----------------
line: 165 column: column:3 
Missing a Javadoc comment.
----------------
line: 173 column: column:3 
Missing a Javadoc comment.
----------------
line: 181 column: column:3 
Missing a Javadoc comment.
----------------
line: 195 column: column:3 
Missing a Javadoc comment.
----------------
]]></failure>
</testcase><testcase time="0" name="view/UpdateMemberChoice.java" classname="CheckStyle Issues">
<failure message="issues" ><![CDATA[line: 3 column: column:1 
Missing a Javadoc comment.
----------------
]]></failure>
</testcase><testcase time="0" name="App.java" classname="CheckStyle Issues">
<failure message="issues" ><![CDATA[line: 4 column: column:1 
Missing a Javadoc comment.
----------------
line: 5 column: column:3 
Missing a Javadoc comment.
----------------
]]></failure>
</testcase></testsuite>