<?xml version="1.0" encoding="utf-8"?>
<testsuite package="org.checkstyle" time="0" tests="21" errors="98" name="checkstyle">
<testcase time="0" name="TestApp.java" classname="CheckStyle Issues">
<failure message="issues" ><![CDATA[line: 8 column: column:1 
Missing a Javadoc comment.
----------------
line: 9 column: column:3 
Missing a Javadoc comment.
----------------
]]></failure>
</testcase><testcase time="0" name="controller/User.java" classname="CheckStyle Issues">
<failure message="issues" ><![CDATA[line: 6 column: column:1 
Extra separation in import group before 'model.Day'
----------------
line: 12 column: column:1 
Wrong lexicographical order for 'model.ItemType' import. Should be before 
  'model.Registry'.
----------------
line: 21 column: column:1 
Missing a Javadoc comment.
----------------
line: 27 column: column:3 
Missing a Javadoc comment.
----------------
line: 34 column: column:3 
Missing a Javadoc comment.
----------------
line: 108 column: column:7 
Fall through from previous branch of the switch statement.
----------------
line: 177 column: column:3 
Missing a Javadoc comment.
----------------
line: 379 column: column:5 
'method def modifier' has incorrect indentation level 4, expected level 
  should be 2.
----------------
]]></failure>
</testcase><testcase time="0" name="model/Contract.java" classname="CheckStyle Issues">
<failure message="issues" ><![CDATA[line: 3 column: column:1 
Missing a Javadoc comment.
----------------
line: 8 column: column:3 
Missing a Javadoc comment.
----------------
line: 23 column: 
Line is longer than 120 characters (found 125).
----------------
line: 46 column: column:3 
Missing a Javadoc comment.
----------------
]]></failure>
</testcase><testcase time="0" name="model/IdGenerator.java" classname="CheckStyle Issues">
<failure message="issues" ><![CDATA[line: 5 column: column:1 
Missing a Javadoc comment.
----------------
]]></failure>
</testcase><testcase time="0" name="model/Interval.java" classname="CheckStyle Issues">
<failure message="issues" ><![CDATA[line: 5 column: column:1 
Missing a Javadoc comment.
----------------
line: 10 column: column:3 
Missing a Javadoc comment.
----------------
line: 50 column: column:3 
Missing a Javadoc comment.
----------------
line: 62 column: column:3 
Missing a Javadoc comment.
----------------
]]></failure>
</testcase><testcase time="0" name="model/DayCounter.java" classname="CheckStyle Issues">
<failure message="issues" ><![CDATA[line: 3 column: column:1 
Missing a Javadoc comment.
----------------
]]></failure>
</testcase><testcase time="0" name="model/Validator.java" classname="CheckStyle Issues">
<failure message="issues" ><![CDATA[line: 5 column: column:1 
Missing a Javadoc comment.
----------------
line: 16 column: column:3 
Missing a Javadoc comment.
----------------
line: 23 column: column:3 
Missing a Javadoc comment.
----------------
line: 30 column: column:3 
Missing a Javadoc comment.
----------------
line: 48 column: column:3 
Missing a Javadoc comment.
----------------
line: 54 column: column:3 
Missing a Javadoc comment.
----------------
]]></failure>
</testcase><testcase time="0" name="model/Day.java" classname="CheckStyle Issues">
<failure message="issues" ><![CDATA[line: 3 column: column:1 
Missing a Javadoc comment.
----------------
]]></failure>
</testcase><testcase time="0" name="model/persistence/Persistence.java" classname="CheckStyle Issues">
<failure message="issues" ><![CDATA[line: 7 column: column:1 
Missing a Javadoc comment.
----------------
]]></failure>
</testcase><testcase time="0" name="model/persistence/IfPersistence.java" classname="CheckStyle Issues">
<failure message="issues" ><![CDATA[line: 6 column: column:1 
Missing a Javadoc comment.
----------------
]]></failure>
</testcase><testcase time="0" name="model/Member.java" classname="CheckStyle Issues">
<failure message="issues" ><![CDATA[line: 5 column: column:1 
Missing a Javadoc comment.
----------------
line: 18 column: column:3 
Missing a Javadoc comment.
----------------
line: 28 column: column:3 
Missing a Javadoc comment.
----------------
line: 30 column: 
Line is longer than 120 characters (found 139).
----------------
line: 52 column: column:3 
Missing a Javadoc comment.
----------------
line: 56 column: 
Line is longer than 120 characters (found 123).
----------------
line: 111 column: column:3 
Missing a Javadoc comment.
----------------
line: 126 column: column:3 
Missing a Javadoc comment.
----------------
]]></failure>
</testcase><testcase time="0" name="model/ItemType.java" classname="CheckStyle Issues">
<failure message="issues" ><![CDATA[line: 3 column: column:1 
Missing a Javadoc comment.
----------------
]]></failure>
</testcase><testcase time="0" name="model/Registry.java" classname="CheckStyle Issues">
<failure message="issues" ><![CDATA[line: 5 column: column:1 
Missing a Javadoc comment.
----------------
line: 15 column: column:3 
Missing a Javadoc comment.
----------------
line: 33 column: column:3 
Missing a Javadoc comment.
----------------
line: 52 column: column:3 
Missing a Javadoc comment.
----------------
line: 54 column: 
Line is longer than 120 characters (found 132).
----------------
line: 62 column: column:3 
Missing a Javadoc comment.
----------------
line: 117 column: column:3 
Missing a Javadoc comment.
----------------
line: 126 column: column:3 
Missing a Javadoc comment.
----------------
line: 171 column: column:3 
Missing a Javadoc comment.
----------------
line: 183 column: column:3 
Missing a Javadoc comment.
----------------
line: 199 column: column:3 
Missing a Javadoc comment.
----------------
]]></failure>
</testcase><testcase time="0" name="model/Item.java" classname="CheckStyle Issues">
<failure message="issues" ><![CDATA[line: 5 column: column:1 
Missing a Javadoc comment.
----------------
line: 16 column: column:3 
Missing a Javadoc comment.
----------------
line: 34 column: column:3 
Missing a Javadoc comment.
----------------
line: 45 column: column:3 
Missing a Javadoc comment.
----------------
line: 67 column: column:3 
Missing a Javadoc comment.
----------------
line: 87 column: column:3 
Missing a Javadoc comment.
----------------
line: 103 column: column:3 
Missing a Javadoc comment.
----------------
line: 131 column: column:3 
Missing a Javadoc comment.
----------------
line: 140 column: column:3 
Missing a Javadoc comment.
----------------
line: 150 column: column:3 
Missing a Javadoc comment.
----------------
]]></failure>
</testcase><testcase time="0" name="view/ItemChoice.java" classname="CheckStyle Issues">
<failure message="issues" ><![CDATA[line: 3 column: column:1 
Missing a Javadoc comment.
----------------
]]></failure>
</testcase><testcase time="0" name="view/MemberChoice.java" classname="CheckStyle Issues">
<failure message="issues" ><![CDATA[line: 3 column: column:1 
Missing a Javadoc comment.
----------------
]]></failure>
</testcase><testcase time="0" name="view/UpdateItemChoice.java" classname="CheckStyle Issues">
<failure message="issues" ><![CDATA[line: 3 column: column:1 
Missing a Javadoc comment.
----------------
]]></failure>
</testcase><testcase time="0" name="view/MainChoice.java" classname="CheckStyle Issues">
<failure message="issues" ><![CDATA[line: 3 column: column:1 
Missing a Javadoc comment.
----------------
]]></failure>
</testcase><testcase time="0" name="view/Console.java" classname="CheckStyle Issues">
<failure message="issues" ><![CDATA[line: 10 column: column:1 
Wrong lexicographical order for 'model.ItemType' import. Should be before 
  'model.Member'.
----------------
line: 13 column: column:1 
Missing a Javadoc comment.
----------------
line: 23 column: column:3 
Missing a Javadoc comment.
----------------
line: 35 column: column:3 
Missing a Javadoc comment.
----------------
line: 47 column: column:3 
Missing a Javadoc comment.
----------------
line: 58 column: column:3 
Missing a Javadoc comment.
----------------
line: 68 column: column:3 
Missing a Javadoc comment.
----------------
line: 70 column: column:5 
'+' has incorrect indentation level 4, expected level should be 8.
----------------
line: 71 column: column:5 
'+' has incorrect indentation level 4, expected level should be 8.
----------------
line: 72 column: column:5 
'+' has incorrect indentation level 4, expected level should be 8.
----------------
line: 73 column: column:5 
'+' has incorrect indentation level 4, expected level should be 8.
----------------
line: 74 column: column:5 
'+' has incorrect indentation level 4, expected level should be 8.
----------------
line: 79 column: column:3 
Missing a Javadoc comment.
----------------
line: 100 column: column:3 
Missing a Javadoc comment.
----------------
line: 120 column: column:3 
Missing a Javadoc comment.
----------------
line: 138 column: column:3 
Missing a Javadoc comment.
----------------
line: 154 column: column:3 
Missing a Javadoc comment.
----------------
line: 184 column: column:3 
Missing a Javadoc comment.
----------------
line: 191 column: column:3 
Missing a Javadoc comment.
----------------
line: 198 column: column:3 
Missing a Javadoc comment.
----------------
line: 206 column: column:3 
Missing a Javadoc comment.
----------------
line: 213 column: column:3 
Missing a Javadoc comment.
----------------
line: 220 column: column:3 
Missing a Javadoc comment.
----------------
line: 227 column: column:3 
Missing a Javadoc comment.
----------------
line: 249 column: column:3 
Missing a Javadoc comment.
----------------
line: 263 column: column:3 
Missing a Javadoc comment.
----------------
line: 270 column: column:3 
Missing a Javadoc comment.
----------------
line: 276 column: column:3 
Missing a Javadoc comment.
----------------
line: 282 column: column:3 
Missing a Javadoc comment.
----------------
line: 295 column: column:3 
Missing a Javadoc comment.
----------------
line: 302 column: column:3 
Missing a Javadoc comment.
----------------
line: 313 column: column:3 
Missing a Javadoc comment.
----------------
]]></failure>
</testcase><testcase time="0" name="view/UpdateMemberChoice.java" classname="CheckStyle Issues">
<failure message="issues" ><![CDATA[line: 3 column: column:1 
Missing a Javadoc comment.
----------------
]]></failure>
</testcase><testcase time="0" name="App.java" classname="CheckStyle Issues">
<failure message="issues" ><![CDATA[line: 4 column: column:1 
Missing a Javadoc comment.
----------------
line: 5 column: column:3 
Missing a Javadoc comment.
----------------
]]></failure>
</testcase></testsuite>