<?xml version="1.0" encoding="UTF-8"?>
<testsuite name="CodeQualityTests" tests="1" skipped="0" failures="0" errors="0" timestamp="2022-10-03T09:29:46" hostname="LAPTOP-0OC159EC" time="0.364">
  <properties/>
  <testcase name="codeQuality()" classname="CodeQualityTests" time="0.364"/>
  <system-out><![CDATA[1 CheckStyle Issues in C:/Users/Ellinor/Documents/1dv607/assignments/a2/app/src/main/java/controller/App.java
text:line: 5 column: column:1 
Missing a Javadoc comment.

2 CheckStyle Issues in C:/Users/Ellinor/Documents/1dv607/assignments/a2/app/src/main/java/model/Member.java
text:line: 5 column: column:1 
Missing a Javadoc comment.

text:line: 11 column: column:3 
Missing a Javadoc comment.

1 CheckStyle Issues in C:/Users/Ellinor/Documents/1dv607/assignments/a2/app/src/main/java/view/Console.java
text:line: 3 column: column:1 
Missing a Javadoc comment.

0 FindBugs Issues in view/Console.java
0 FindBugs Issues in controller/App.java
0 FindBugs Issues in model/Member.java
]]></system-out>
  <system-err><![CDATA[]]></system-err>
</testsuite>
