<?xml version="1.0" encoding="UTF-8"?>
<testsuite name="CodeQualityTests" tests="1" skipped="0" failures="0" errors="0" timestamp="2022-10-10T09:59:37" hostname="Emmas-MBP-3.lan" time="1.707">
  <properties/>
  <testcase name="codeQuality()" classname="CodeQualityTests" time="1.707"/>
  <system-out><![CDATA[0 CheckStyle Issues in /Users/emmafransson/Documents/webbprogrammering/1dv607/assignments/assignment2/a2/app/src/main/java/controller/User.java
0 CheckStyle Issues in /Users/emmafransson/Documents/webbprogrammering/1dv607/assignments/assignment2/a2/app/src/main/java/controller/menus/MainMenu.java
0 CheckStyle Issues in /Users/emmafransson/Documents/webbprogrammering/1dv607/assignments/assignment2/a2/app/src/main/java/controller/menus/UpdateMemberMenu.java
0 CheckStyle Issues in /Users/emmafransson/Documents/webbprogrammering/1dv607/assignments/assignment2/a2/app/src/main/java/controller/menus/ItemMenu.java
0 CheckStyle Issues in /Users/emmafransson/Documents/webbprogrammering/1dv607/assignments/assignment2/a2/app/src/main/java/controller/menus/DataFetcher.java
0 CheckStyle Issues in /Users/emmafransson/Documents/webbprogrammering/1dv607/assignments/assignment2/a2/app/src/main/java/controller/menus/MemberMenu.java
0 CheckStyle Issues in /Users/emmafransson/Documents/webbprogrammering/1dv607/assignments/assignment2/a2/app/src/main/java/controller/menus/UpdateItemMenu.java
0 CheckStyle Issues in /Users/emmafransson/Documents/webbprogrammering/1dv607/assignments/assignment2/a2/app/src/main/java/controller/App.java
0 CheckStyle Issues in /Users/emmafransson/Documents/webbprogrammering/1dv607/assignments/assignment2/a2/app/src/main/java/model/Contract.java
0 CheckStyle Issues in /Users/emmafransson/Documents/webbprogrammering/1dv607/assignments/assignment2/a2/app/src/main/java/model/IdGenerator.java
0 CheckStyle Issues in /Users/emmafransson/Documents/webbprogrammering/1dv607/assignments/assignment2/a2/app/src/main/java/model/Interval.java
0 CheckStyle Issues in /Users/emmafransson/Documents/webbprogrammering/1dv607/assignments/assignment2/a2/app/src/main/java/model/DayCounter.java
0 CheckStyle Issues in /Users/emmafransson/Documents/webbprogrammering/1dv607/assignments/assignment2/a2/app/src/main/java/model/Validator.java
0 CheckStyle Issues in /Users/emmafransson/Documents/webbprogrammering/1dv607/assignments/assignment2/a2/app/src/main/java/model/Day.java
0 CheckStyle Issues in /Users/emmafransson/Documents/webbprogrammering/1dv607/assignments/assignment2/a2/app/src/main/java/model/persistence/Persistence.java
0 CheckStyle Issues in /Users/emmafransson/Documents/webbprogrammering/1dv607/assignments/assignment2/a2/app/src/main/java/model/persistence/IfPersistence.java
0 CheckStyle Issues in /Users/emmafransson/Documents/webbprogrammering/1dv607/assignments/assignment2/a2/app/src/main/java/model/Member.java
0 CheckStyle Issues in /Users/emmafransson/Documents/webbprogrammering/1dv607/assignments/assignment2/a2/app/src/main/java/model/ItemType.java
0 CheckStyle Issues in /Users/emmafransson/Documents/webbprogrammering/1dv607/assignments/assignment2/a2/app/src/main/java/model/Registry.java
0 CheckStyle Issues in /Users/emmafransson/Documents/webbprogrammering/1dv607/assignments/assignment2/a2/app/src/main/java/model/Item.java
0 CheckStyle Issues in /Users/emmafransson/Documents/webbprogrammering/1dv607/assignments/assignment2/a2/app/src/main/java/view/menuchoices/ItemChoice.java
0 CheckStyle Issues in /Users/emmafransson/Documents/webbprogrammering/1dv607/assignments/assignment2/a2/app/src/main/java/view/menuchoices/MemberChoice.java
0 CheckStyle Issues in /Users/emmafransson/Documents/webbprogrammering/1dv607/assignments/assignment2/a2/app/src/main/java/view/menuchoices/UpdateItemChoice.java
0 CheckStyle Issues in /Users/emmafransson/Documents/webbprogrammering/1dv607/assignments/assignment2/a2/app/src/main/java/view/menuchoices/MainChoice.java
0 CheckStyle Issues in /Users/emmafransson/Documents/webbprogrammering/1dv607/assignments/assignment2/a2/app/src/main/java/view/menuchoices/UpdateMemberChoice.java
0 CheckStyle Issues in /Users/emmafransson/Documents/webbprogrammering/1dv607/assignments/assignment2/a2/app/src/main/java/view/Output.java
0 CheckStyle Issues in /Users/emmafransson/Documents/webbprogrammering/1dv607/assignments/assignment2/a2/app/src/main/java/view/Input.java
0 CheckStyle Issues in /Users/emmafransson/Documents/webbprogrammering/1dv607/assignments/assignment2/a2/app/src/main/java/view/Console.java
0 FindBugs Issues in view/Console.java
0 FindBugs Issues in model/Registry.java
0 FindBugs Issues in controller/menus/MemberMenu.java
0 FindBugs Issues in view/Input.java
0 FindBugs Issues in model/Day.java
0 FindBugs Issues in model/DayCounter.java
2 FindBugs Issues in controller/menus/UpdateItemMenu.java
text:lines: 9-90 
new controller.menus.UpdateItemMenu(ItemMenu, Registry) may expose internal representation by 
  storing an externally mutable object into UpdateItemMenu.itemMenu 
May expose internal representation by incorporating reference to mutable object 
This code stores a reference to an externally mutable object into the internal representation of the 
  object. If instances are accessed by untrusted code, and unchecked changes to the mutable object 
  would compromise security or other important properties, you will need to do something different. 
  Storing a copy of the object is better approach in many situations.

text:lines: 9-90 
new controller.menus.UpdateItemMenu(ItemMenu, Registry) may expose internal representation by 
  storing an externally mutable object into UpdateItemMenu.registry 
May expose internal representation by incorporating reference to mutable object 
This code stores a reference to an externally mutable object into the internal representation of the 
  object. If instances are accessed by untrusted code, and unchecked changes to the mutable object 
  would compromise security or other important properties, you will need to do something different. 
  Storing a copy of the object is better approach in many situations.

0 FindBugs Issues in controller/App.java
0 FindBugs Issues in view/menuchoices/ItemChoice.java
0 FindBugs Issues in controller/menus/DataFetcher.java
1 FindBugs Issues in controller/menus/MainMenu.java
text:lines: 14-129 
quitProgram() invokes System.exit(...), which shuts down the entire virtual machine 
Method invokes System.exit(...) 
Invoking System.exit shuts down the entire Java virtual machine. This should only been done when it 
  is appropriate. Such calls make it hard or impossible for your code to be invoked by other code. 
  Consider throwing a RuntimeException instead.

0 FindBugs Issues in model/IdGenerator.java
0 FindBugs Issues in model/Contract.java
0 FindBugs Issues in view/menuchoices/MemberChoice.java
0 FindBugs Issues in view/menuchoices/UpdateItemChoice.java
0 FindBugs Issues in view/menuchoices/UpdateMemberChoice.java
0 FindBugs Issues in model/Interval.java
0 FindBugs Issues in view/Output.java
0 FindBugs Issues in controller/menus/ItemMenu.java
0 FindBugs Issues in model/Member.java
0 FindBugs Issues in view/menuchoices/MainChoice.java
0 FindBugs Issues in model/ItemType.java
0 FindBugs Issues in model/Item.java
0 FindBugs Issues in model/Validator.java
0 FindBugs Issues in controller/User.java
0 FindBugs Issues in model/persistence/IfPersistence.java
0 FindBugs Issues in model/persistence/Persistence.java
0 FindBugs Issues in controller/menus/UpdateMemberMenu.java
]]></system-out>
  <system-err><![CDATA[]]></system-err>
</testsuite>
