<?xml version="1.0" encoding="UTF-8"?>
<testsuite name="CodeQualityTests" tests="1" skipped="0" failures="1" errors="0" timestamp="2022-10-03T16:01:45" hostname="LAPTOP-0OC159EC" time="0.833">
  <properties/>
  <testcase name="codeQuality()" classname="CodeQualityTests" time="0.833">
    <failure message="org.opentest4j.AssertionFailedError: Max amount (5) of quality issues exceeded:42 ==&gt; expected: &lt;true&gt; but was: &lt;false&gt;" type="org.opentest4j.AssertionFailedError">org.opentest4j.AssertionFailedError: Max amount (5) of quality issues exceeded:42 ==&gt; expected: &lt;true&gt; but was: &lt;false&gt;
	at app//org.junit.jupiter.api.AssertionUtils.fail(AssertionUtils.java:55)
	at app//org.junit.jupiter.api.AssertTrue.assertTrue(AssertTrue.java:40)
	at app//org.junit.jupiter.api.Assertions.assertTrue(Assertions.java:193)
	at app//CodeQualityTests.codeQuality(CodeQualityTests.java:70)
	at java.base@17.0.1/jdk.internal.reflect.NativeMethodAccessorImpl.invoke0(Native Method)
	at java.base@17.0.1/jdk.internal.reflect.NativeMethodAccessorImpl.invoke(NativeMethodAccessorImpl.java:77)
	at java.base@17.0.1/jdk.internal.reflect.DelegatingMethodAccessorImpl.invoke(DelegatingMethodAccessorImpl.java:43)
	at java.base@17.0.1/java.lang.reflect.Method.invoke(Method.java:568)
	at app//org.junit.platform.commons.util.ReflectionUtils.invokeMethod(ReflectionUtils.java:688)
	at app//org.junit.jupiter.engine.execution.MethodInvocation.proceed(MethodInvocation.java:60)
	at app//org.junit.jupiter.engine.execution.InvocationInterceptorChain$ValidatingInvocation.proceed(InvocationInterceptorChain.java:131)
	at app//org.junit.jupiter.engine.extension.TimeoutExtension.intercept(TimeoutExtension.java:149)
	at app//org.junit.jupiter.engine.extension.TimeoutExtension.interceptTestableMethod(TimeoutExtension.java:140)
	at app//org.junit.jupiter.engine.extension.TimeoutExtension.interceptTestMethod(TimeoutExtension.java:84)
	at app//org.junit.jupiter.engine.execution.ExecutableInvoker$ReflectiveInterceptorCall.lambda$ofVoidMethod$0(ExecutableInvoker.java:115)
	at app//org.junit.jupiter.engine.execution.ExecutableInvoker.lambda$invoke$0(ExecutableInvoker.java:105)
	at app//org.junit.jupiter.engine.execution.InvocationInterceptorChain$InterceptedInvocation.proceed(InvocationInterceptorChain.java:106)
	at app//org.junit.jupiter.engine.execution.InvocationInterceptorChain.proceed(InvocationInterceptorChain.java:64)
	at app//org.junit.jupiter.engine.execution.InvocationInterceptorChain.chainAndInvoke(InvocationInterceptorChain.java:45)
	at app//org.junit.jupiter.engine.execution.InvocationInterceptorChain.invoke(InvocationInterceptorChain.java:37)
	at app//org.junit.jupiter.engine.execution.ExecutableInvoker.invoke(ExecutableInvoker.java:104)
	at app//org.junit.jupiter.engine.execution.ExecutableInvoker.invoke(ExecutableInvoker.java:98)
	at app//org.junit.jupiter.engine.descriptor.TestMethodTestDescriptor.lambda$invokeTestMethod$6(TestMethodTestDescriptor.java:210)
	at app//org.junit.platform.engine.support.hierarchical.ThrowableCollector.execute(ThrowableCollector.java:73)
	at app//org.junit.jupiter.engine.descriptor.TestMethodTestDescriptor.invokeTestMethod(TestMethodTestDescriptor.java:206)
	at app//org.junit.jupiter.engine.descriptor.TestMethodTestDescriptor.execute(TestMethodTestDescriptor.java:131)
	at app//org.junit.jupiter.engine.descriptor.TestMethodTestDescriptor.execute(TestMethodTestDescriptor.java:65)
	at app//org.junit.platform.engine.support.hierarchical.NodeTestTask.lambda$executeRecursively$5(NodeTestTask.java:139)
	at app//org.junit.platform.engine.support.hierarchical.ThrowableCollector.execute(ThrowableCollector.java:73)
	at app//org.junit.platform.engine.support.hierarchical.NodeTestTask.lambda$executeRecursively$7(NodeTestTask.java:129)
	at app//org.junit.platform.engine.support.hierarchical.Node.around(Node.java:137)
	at app//org.junit.platform.engine.support.hierarchical.NodeTestTask.lambda$executeRecursively$8(NodeTestTask.java:127)
	at app//org.junit.platform.engine.support.hierarchical.ThrowableCollector.execute(ThrowableCollector.java:73)
	at app//org.junit.platform.engine.support.hierarchical.NodeTestTask.executeRecursively(NodeTestTask.java:126)
	at app//org.junit.platform.engine.support.hierarchical.NodeTestTask.execute(NodeTestTask.java:84)
	at java.base@17.0.1/java.util.ArrayList.forEach(ArrayList.java:1511)
	at app//org.junit.platform.engine.support.hierarchical.SameThreadHierarchicalTestExecutorService.invokeAll(SameThreadHierarchicalTestExecutorService.java:38)
	at app//org.junit.platform.engine.support.hierarchical.NodeTestTask.lambda$executeRecursively$5(NodeTestTask.java:143)
	at app//org.junit.platform.engine.support.hierarchical.ThrowableCollector.execute(ThrowableCollector.java:73)
	at app//org.junit.platform.engine.support.hierarchical.NodeTestTask.lambda$executeRecursively$7(NodeTestTask.java:129)
	at app//org.junit.platform.engine.support.hierarchical.Node.around(Node.java:137)
	at app//org.junit.platform.engine.support.hierarchical.NodeTestTask.lambda$executeRecursively$8(NodeTestTask.java:127)
	at app//org.junit.platform.engine.support.hierarchical.ThrowableCollector.execute(ThrowableCollector.java:73)
	at app//org.junit.platform.engine.support.hierarchical.NodeTestTask.executeRecursively(NodeTestTask.java:126)
	at app//org.junit.platform.engine.support.hierarchical.NodeTestTask.execute(NodeTestTask.java:84)
	at java.base@17.0.1/java.util.ArrayList.forEach(ArrayList.java:1511)
	at app//org.junit.platform.engine.support.hierarchical.SameThreadHierarchicalTestExecutorService.invokeAll(SameThreadHierarchicalTestExecutorService.java:38)
	at app//org.junit.platform.engine.support.hierarchical.NodeTestTask.lambda$executeRecursively$5(NodeTestTask.java:143)
	at app//org.junit.platform.engine.support.hierarchical.ThrowableCollector.execute(ThrowableCollector.java:73)
	at app//org.junit.platform.engine.support.hierarchical.NodeTestTask.lambda$executeRecursively$7(NodeTestTask.java:129)
	at app//org.junit.platform.engine.support.hierarchical.Node.around(Node.java:137)
	at app//org.junit.platform.engine.support.hierarchical.NodeTestTask.lambda$executeRecursively$8(NodeTestTask.java:127)
	at app//org.junit.platform.engine.support.hierarchical.ThrowableCollector.execute(ThrowableCollector.java:73)
	at app//org.junit.platform.engine.support.hierarchical.NodeTestTask.executeRecursively(NodeTestTask.java:126)
	at app//org.junit.platform.engine.support.hierarchical.NodeTestTask.execute(NodeTestTask.java:84)
	at app//org.junit.platform.engine.support.hierarchical.SameThreadHierarchicalTestExecutorService.submit(SameThreadHierarchicalTestExecutorService.java:32)
	at app//org.junit.platform.engine.support.hierarchical.HierarchicalTestExecutor.execute(HierarchicalTestExecutor.java:57)
	at app//org.junit.platform.engine.support.hierarchical.HierarchicalTestEngine.execute(HierarchicalTestEngine.java:51)
	at org.junit.platform.launcher.core.EngineExecutionOrchestrator.execute(EngineExecutionOrchestrator.java:107)
	at org.junit.platform.launcher.core.EngineExecutionOrchestrator.execute(EngineExecutionOrchestrator.java:88)
	at org.junit.platform.launcher.core.EngineExecutionOrchestrator.lambda$execute$0(EngineExecutionOrchestrator.java:54)
	at org.junit.platform.launcher.core.EngineExecutionOrchestrator.withInterceptedStreams(EngineExecutionOrchestrator.java:67)
	at org.junit.platform.launcher.core.EngineExecutionOrchestrator.execute(EngineExecutionOrchestrator.java:52)
	at org.junit.platform.launcher.core.DefaultLauncher.execute(DefaultLauncher.java:114)
	at org.junit.platform.launcher.core.DefaultLauncher.execute(DefaultLauncher.java:86)
	at org.junit.platform.launcher.core.DefaultLauncherSession$DelegatingLauncher.execute(DefaultLauncherSession.java:86)
	at org.junit.platform.launcher.core.SessionPerRequestLauncher.execute(SessionPerRequestLauncher.java:53)
	at org.gradle.api.internal.tasks.testing.junitplatform.JUnitPlatformTestClassProcessor$CollectAllTestClassesExecutor.processAllTestClasses(JUnitPlatformTestClassProcessor.java:99)
	at org.gradle.api.internal.tasks.testing.junitplatform.JUnitPlatformTestClassProcessor$CollectAllTestClassesExecutor.access$000(JUnitPlatformTestClassProcessor.java:79)
	at org.gradle.api.internal.tasks.testing.junitplatform.JUnitPlatformTestClassProcessor.stop(JUnitPlatformTestClassProcessor.java:75)
	at org.gradle.api.internal.tasks.testing.SuiteTestClassProcessor.stop(SuiteTestClassProcessor.java:61)
	at java.base@17.0.1/jdk.internal.reflect.NativeMethodAccessorImpl.invoke0(Native Method)
	at java.base@17.0.1/jdk.internal.reflect.NativeMethodAccessorImpl.invoke(NativeMethodAccessorImpl.java:77)
	at java.base@17.0.1/jdk.internal.reflect.DelegatingMethodAccessorImpl.invoke(DelegatingMethodAccessorImpl.java:43)
	at java.base@17.0.1/java.lang.reflect.Method.invoke(Method.java:568)
	at org.gradle.internal.dispatch.ReflectionDispatch.dispatch(ReflectionDispatch.java:36)
	at org.gradle.internal.dispatch.ReflectionDispatch.dispatch(ReflectionDispatch.java:24)
	at org.gradle.internal.dispatch.ContextClassLoaderDispatch.dispatch(ContextClassLoaderDispatch.java:33)
	at org.gradle.internal.dispatch.ProxyDispatchAdapter$DispatchingInvocationHandler.invoke(ProxyDispatchAdapter.java:94)
	at jdk.proxy1/jdk.proxy1.$Proxy2.stop(Unknown Source)
	at org.gradle.api.internal.tasks.testing.worker.TestWorker$3.run(TestWorker.java:193)
	at org.gradle.api.internal.tasks.testing.worker.TestWorker.executeAndMaintainThreadName(TestWorker.java:129)
	at org.gradle.api.internal.tasks.testing.worker.TestWorker.execute(TestWorker.java:100)
	at org.gradle.api.internal.tasks.testing.worker.TestWorker.execute(TestWorker.java:60)
	at org.gradle.process.internal.worker.child.ActionExecutionWorker.execute(ActionExecutionWorker.java:56)
	at org.gradle.process.internal.worker.child.SystemApplicationClassLoaderWorker.call(SystemApplicationClassLoaderWorker.java:133)
	at org.gradle.process.internal.worker.child.SystemApplicationClassLoaderWorker.call(SystemApplicationClassLoaderWorker.java:71)
	at app//worker.org.gradle.process.internal.worker.GradleWorkerMain.run(GradleWorkerMain.java:69)
	at app//worker.org.gradle.process.internal.worker.GradleWorkerMain.main(GradleWorkerMain.java:74)
</failure>
  </testcase>
  <system-out><![CDATA[4 CheckStyle Issues in C:/Users/Ellinor/Documents/1dv607/assignments/a2/app/src/main/java/controller/App.java
text:line: 5 column: column:1 
Extra separation in import group before 'model.DayCounter'

text:line: 9 column: column:1 
Missing a Javadoc comment.

text:line: 10 column: column:3 
Missing a Javadoc comment.

text:line: 15 column: 
Line is longer than 120 characters (found 123).

3 CheckStyle Issues in C:/Users/Ellinor/Documents/1dv607/assignments/a2/app/src/main/java/model/Contract.java
text:line: 3 column: column:1 
Missing a Javadoc comment.

text:line: 8 column: column:3 
Missing a Javadoc comment.

text:line: 38 column: column:3 
Missing a Javadoc comment.

1 CheckStyle Issues in C:/Users/Ellinor/Documents/1dv607/assignments/a2/app/src/main/java/model/Day.java
text:line: 3 column: column:1 
Missing a Javadoc comment.

1 CheckStyle Issues in C:/Users/Ellinor/Documents/1dv607/assignments/a2/app/src/main/java/model/DayCounter.java
text:line: 3 column: column:1 
Missing a Javadoc comment.

1 CheckStyle Issues in C:/Users/Ellinor/Documents/1dv607/assignments/a2/app/src/main/java/model/IdGenerator.java
text:line: 5 column: column:1 
Missing a Javadoc comment.

1 CheckStyle Issues in C:/Users/Ellinor/Documents/1dv607/assignments/a2/app/src/main/java/model/Interval.java
text:line: 3 column: column:1 
Missing a Javadoc comment.

7 CheckStyle Issues in C:/Users/Ellinor/Documents/1dv607/assignments/a2/app/src/main/java/model/Item.java
text:line: 5 column: column:1 
Missing a Javadoc comment.

text:line: 14 column: column:3 
Missing a Javadoc comment.

text:line: 14 column: column:15 
'(' is preceded with whitespace.

text:line: 23 column: column:3 
Missing a Javadoc comment.

text:line: 34 column: column:3 
Missing a Javadoc comment.

text:line: 56 column: column:3 
Missing a Javadoc comment.

text:line: 67 column: column:3 
Missing a Javadoc comment.

8 CheckStyle Issues in C:/Users/Ellinor/Documents/1dv607/assignments/a2/app/src/main/java/model/Member.java
text:line: 6 column: column:1 
Missing a Javadoc comment.

text:line: 16 column: column:3 
Missing a Javadoc comment.

text:line: 26 column: column:3 
Missing a Javadoc comment.

text:line: 39 column: column:3 
Missing a Javadoc comment.

text:line: 55 column: column:3 
Missing a Javadoc comment.

text:line: 103 column: column:3 
Missing a Javadoc comment.

text:line: 119 column: column:3 
Missing a Javadoc comment.

text:line: 143 column: column:3 
Missing a Javadoc comment.

9 CheckStyle Issues in C:/Users/Ellinor/Documents/1dv607/assignments/a2/app/src/main/java/model/Registry.java
text:line: 5 column: column:1 
Missing a Javadoc comment.

text:line: 15 column: column:3 
Missing a Javadoc comment.

text:line: 33 column: column:3 
Missing a Javadoc comment.

text:line: 42 column: column:3 
Missing a Javadoc comment.

text:line: 56 column: column:3 
Missing a Javadoc comment.

text:line: 67 column: 
Line is longer than 120 characters (found 127).

text:line: 71 column: column:3 
Missing a Javadoc comment.

text:line: 109 column: column:3 
Missing a Javadoc comment.

text:line: 128 column: column:3 
Missing a Javadoc comment.

1 CheckStyle Issues in C:/Users/Ellinor/Documents/1dv607/assignments/a2/app/src/main/java/model/Type.java
text:line: 3 column: column:1 
Missing a Javadoc comment.

1 CheckStyle Issues in C:/Users/Ellinor/Documents/1dv607/assignments/a2/app/src/main/java/view/Console.java
text:line: 3 column: column:1 
Missing a Javadoc comment.

0 FindBugs Issues in model/Day.java
0 FindBugs Issues in model/DayCounter.java
0 FindBugs Issues in view/Console.java
1 FindBugs Issues in model/Contract.java
text:lines: 8-42 
Comparison of String objects using == or != in getTotalCost() 
Comparison of String objects using == or != 
This code compares java.lang.String objects for reference equality using the == or != operators. 
  Unless both strings are either constants in a source file, or have been interned using the 
  String.intern() method, the same string value may be represented by two different String objects. 
  Consider using the equals(Object) method instead.

0 FindBugs Issues in model/Registry.java
0 FindBugs Issues in model/Type.java
0 FindBugs Issues in controller/App.java
3 FindBugs Issues in model/Item.java
text:lines: 14-76 
setOwner(Member) may expose internal representation by storing an externally mutable object into 
  Item.owner 
May expose internal representation by incorporating reference to mutable object 
This code stores a reference to an externally mutable object into the internal representation of the 
  object. If instances are accessed by untrusted code, and unchecked changes to the mutable object 
  would compromise security or other important properties, you will need to do something different. 
  Storing a copy of the object is better approach in many situations.

text:lines: 14-76 
Unread field: contracts 
Unread field 
This field is never read. Consider removing it from the class.

text:lines: 14-76 
Unread field: type 
Unread field 
This field is never read. Consider removing it from the class.

0 FindBugs Issues in model/Interval.java
1 FindBugs Issues in model/Member.java
text:lines: 13-156 
Unread field: creditsForItem; should this field be static? 
Unread field: should this field be static? 
This class contains an instance final field that is initialized to a compile-time static value. 
  Consider making the field static.

0 FindBugs Issues in model/IdGenerator.java
]]></system-out>
  <system-err><![CDATA[]]></system-err>
</testsuite>
