<?xml version="1.0" encoding="UTF-8"?>
<testsuite name="CodeQualityTests" tests="1" skipped="0" failures="1" errors="0" timestamp="2022-10-06T08:13:08" hostname="Emmas-MBP-3.lan" time="0.937">
  <properties/>
  <testcase name="codeQuality()" classname="CodeQualityTests" time="0.937">
    <failure message="org.opentest4j.AssertionFailedError: Max amount (5) of quality issues exceeded:75 ==&gt; expected: &lt;true&gt; but was: &lt;false&gt;" type="org.opentest4j.AssertionFailedError">org.opentest4j.AssertionFailedError: Max amount (5) of quality issues exceeded:75 ==&gt; expected: &lt;true&gt; but was: &lt;false&gt;
	at app//org.junit.jupiter.api.AssertionUtils.fail(AssertionUtils.java:55)
	at app//org.junit.jupiter.api.AssertTrue.assertTrue(AssertTrue.java:40)
	at app//org.junit.jupiter.api.Assertions.assertTrue(Assertions.java:193)
	at app//CodeQualityTests.codeQuality(CodeQualityTests.java:70)
	at java.base@18.0.2.1/jdk.internal.reflect.DirectMethodHandleAccessor.invoke(DirectMethodHandleAccessor.java:104)
	at java.base@18.0.2.1/java.lang.reflect.Method.invoke(Method.java:577)
	at app//org.junit.platform.commons.util.ReflectionUtils.invokeMethod(ReflectionUtils.java:688)
	at app//org.junit.jupiter.engine.execution.MethodInvocation.proceed(MethodInvocation.java:60)
	at app//org.junit.jupiter.engine.execution.InvocationInterceptorChain$ValidatingInvocation.proceed(InvocationInterceptorChain.java:131)
	at app//org.junit.jupiter.engine.extension.TimeoutExtension.intercept(TimeoutExtension.java:149)
	at app//org.junit.jupiter.engine.extension.TimeoutExtension.interceptTestableMethod(TimeoutExtension.java:140)
	at app//org.junit.jupiter.engine.extension.TimeoutExtension.interceptTestMethod(TimeoutExtension.java:84)
	at app//org.junit.jupiter.engine.execution.ExecutableInvoker$ReflectiveInterceptorCall.lambda$ofVoidMethod$0(ExecutableInvoker.java:115)
	at app//org.junit.jupiter.engine.execution.ExecutableInvoker.lambda$invoke$0(ExecutableInvoker.java:105)
	at app//org.junit.jupiter.engine.execution.InvocationInterceptorChain$InterceptedInvocation.proceed(InvocationInterceptorChain.java:106)
	at app//org.junit.jupiter.engine.execution.InvocationInterceptorChain.proceed(InvocationInterceptorChain.java:64)
	at app//org.junit.jupiter.engine.execution.InvocationInterceptorChain.chainAndInvoke(InvocationInterceptorChain.java:45)
	at app//org.junit.jupiter.engine.execution.InvocationInterceptorChain.invoke(InvocationInterceptorChain.java:37)
	at app//org.junit.jupiter.engine.execution.ExecutableInvoker.invoke(ExecutableInvoker.java:104)
	at app//org.junit.jupiter.engine.execution.ExecutableInvoker.invoke(ExecutableInvoker.java:98)
	at app//org.junit.jupiter.engine.descriptor.TestMethodTestDescriptor.lambda$invokeTestMethod$6(TestMethodTestDescriptor.java:210)
	at app//org.junit.platform.engine.support.hierarchical.ThrowableCollector.execute(ThrowableCollector.java:73)
	at app//org.junit.jupiter.engine.descriptor.TestMethodTestDescriptor.invokeTestMethod(TestMethodTestDescriptor.java:206)
	at app//org.junit.jupiter.engine.descriptor.TestMethodTestDescriptor.execute(TestMethodTestDescriptor.java:131)
	at app//org.junit.jupiter.engine.descriptor.TestMethodTestDescriptor.execute(TestMethodTestDescriptor.java:65)
	at app//org.junit.platform.engine.support.hierarchical.NodeTestTask.lambda$executeRecursively$5(NodeTestTask.java:139)
	at app//org.junit.platform.engine.support.hierarchical.ThrowableCollector.execute(ThrowableCollector.java:73)
	at app//org.junit.platform.engine.support.hierarchical.NodeTestTask.lambda$executeRecursively$7(NodeTestTask.java:129)
	at app//org.junit.platform.engine.support.hierarchical.Node.around(Node.java:137)
	at app//org.junit.platform.engine.support.hierarchical.NodeTestTask.lambda$executeRecursively$8(NodeTestTask.java:127)
	at app//org.junit.platform.engine.support.hierarchical.ThrowableCollector.execute(ThrowableCollector.java:73)
	at app//org.junit.platform.engine.support.hierarchical.NodeTestTask.executeRecursively(NodeTestTask.java:126)
	at app//org.junit.platform.engine.support.hierarchical.NodeTestTask.execute(NodeTestTask.java:84)
	at java.base@18.0.2.1/java.util.ArrayList.forEach(ArrayList.java:1511)
	at app//org.junit.platform.engine.support.hierarchical.SameThreadHierarchicalTestExecutorService.invokeAll(SameThreadHierarchicalTestExecutorService.java:38)
	at app//org.junit.platform.engine.support.hierarchical.NodeTestTask.lambda$executeRecursively$5(NodeTestTask.java:143)
	at app//org.junit.platform.engine.support.hierarchical.ThrowableCollector.execute(ThrowableCollector.java:73)
	at app//org.junit.platform.engine.support.hierarchical.NodeTestTask.lambda$executeRecursively$7(NodeTestTask.java:129)
	at app//org.junit.platform.engine.support.hierarchical.Node.around(Node.java:137)
	at app//org.junit.platform.engine.support.hierarchical.NodeTestTask.lambda$executeRecursively$8(NodeTestTask.java:127)
	at app//org.junit.platform.engine.support.hierarchical.ThrowableCollector.execute(ThrowableCollector.java:73)
	at app//org.junit.platform.engine.support.hierarchical.NodeTestTask.executeRecursively(NodeTestTask.java:126)
	at app//org.junit.platform.engine.support.hierarchical.NodeTestTask.execute(NodeTestTask.java:84)
	at java.base@18.0.2.1/java.util.ArrayList.forEach(ArrayList.java:1511)
	at app//org.junit.platform.engine.support.hierarchical.SameThreadHierarchicalTestExecutorService.invokeAll(SameThreadHierarchicalTestExecutorService.java:38)
	at app//org.junit.platform.engine.support.hierarchical.NodeTestTask.lambda$executeRecursively$5(NodeTestTask.java:143)
	at app//org.junit.platform.engine.support.hierarchical.ThrowableCollector.execute(ThrowableCollector.java:73)
	at app//org.junit.platform.engine.support.hierarchical.NodeTestTask.lambda$executeRecursively$7(NodeTestTask.java:129)
	at app//org.junit.platform.engine.support.hierarchical.Node.around(Node.java:137)
	at app//org.junit.platform.engine.support.hierarchical.NodeTestTask.lambda$executeRecursively$8(NodeTestTask.java:127)
	at app//org.junit.platform.engine.support.hierarchical.ThrowableCollector.execute(ThrowableCollector.java:73)
	at app//org.junit.platform.engine.support.hierarchical.NodeTestTask.executeRecursively(NodeTestTask.java:126)
	at app//org.junit.platform.engine.support.hierarchical.NodeTestTask.execute(NodeTestTask.java:84)
	at app//org.junit.platform.engine.support.hierarchical.SameThreadHierarchicalTestExecutorService.submit(SameThreadHierarchicalTestExecutorService.java:32)
	at app//org.junit.platform.engine.support.hierarchical.HierarchicalTestExecutor.execute(HierarchicalTestExecutor.java:57)
	at app//org.junit.platform.engine.support.hierarchical.HierarchicalTestEngine.execute(HierarchicalTestEngine.java:51)
	at org.junit.platform.launcher.core.EngineExecutionOrchestrator.execute(EngineExecutionOrchestrator.java:107)
	at org.junit.platform.launcher.core.EngineExecutionOrchestrator.execute(EngineExecutionOrchestrator.java:88)
	at org.junit.platform.launcher.core.EngineExecutionOrchestrator.lambda$execute$0(EngineExecutionOrchestrator.java:54)
	at org.junit.platform.launcher.core.EngineExecutionOrchestrator.withInterceptedStreams(EngineExecutionOrchestrator.java:67)
	at org.junit.platform.launcher.core.EngineExecutionOrchestrator.execute(EngineExecutionOrchestrator.java:52)
	at org.junit.platform.launcher.core.DefaultLauncher.execute(DefaultLauncher.java:114)
	at org.junit.platform.launcher.core.DefaultLauncher.execute(DefaultLauncher.java:86)
	at org.junit.platform.launcher.core.DefaultLauncherSession$DelegatingLauncher.execute(DefaultLauncherSession.java:86)
	at org.junit.platform.launcher.core.SessionPerRequestLauncher.execute(SessionPerRequestLauncher.java:53)
	at org.gradle.api.internal.tasks.testing.junitplatform.JUnitPlatformTestClassProcessor$CollectAllTestClassesExecutor.processAllTestClasses(JUnitPlatformTestClassProcessor.java:99)
	at org.gradle.api.internal.tasks.testing.junitplatform.JUnitPlatformTestClassProcessor$CollectAllTestClassesExecutor.access$000(JUnitPlatformTestClassProcessor.java:79)
	at org.gradle.api.internal.tasks.testing.junitplatform.JUnitPlatformTestClassProcessor.stop(JUnitPlatformTestClassProcessor.java:75)
	at org.gradle.api.internal.tasks.testing.SuiteTestClassProcessor.stop(SuiteTestClassProcessor.java:61)
	at java.base@18.0.2.1/jdk.internal.reflect.DirectMethodHandleAccessor.invoke(DirectMethodHandleAccessor.java:104)
	at java.base@18.0.2.1/java.lang.reflect.Method.invoke(Method.java:577)
	at org.gradle.internal.dispatch.ReflectionDispatch.dispatch(ReflectionDispatch.java:36)
	at org.gradle.internal.dispatch.ReflectionDispatch.dispatch(ReflectionDispatch.java:24)
	at org.gradle.internal.dispatch.ContextClassLoaderDispatch.dispatch(ContextClassLoaderDispatch.java:33)
	at org.gradle.internal.dispatch.ProxyDispatchAdapter$DispatchingInvocationHandler.invoke(ProxyDispatchAdapter.java:94)
	at jdk.proxy1/jdk.proxy1.$Proxy2.stop(Unknown Source)
	at org.gradle.api.internal.tasks.testing.worker.TestWorker$3.run(TestWorker.java:193)
	at org.gradle.api.internal.tasks.testing.worker.TestWorker.executeAndMaintainThreadName(TestWorker.java:129)
	at org.gradle.api.internal.tasks.testing.worker.TestWorker.execute(TestWorker.java:100)
	at org.gradle.api.internal.tasks.testing.worker.TestWorker.execute(TestWorker.java:60)
	at org.gradle.process.internal.worker.child.ActionExecutionWorker.execute(ActionExecutionWorker.java:56)
	at org.gradle.process.internal.worker.child.SystemApplicationClassLoaderWorker.call(SystemApplicationClassLoaderWorker.java:133)
	at org.gradle.process.internal.worker.child.SystemApplicationClassLoaderWorker.call(SystemApplicationClassLoaderWorker.java:71)
	at app//worker.org.gradle.process.internal.worker.GradleWorkerMain.run(GradleWorkerMain.java:69)
	at app//worker.org.gradle.process.internal.worker.GradleWorkerMain.main(GradleWorkerMain.java:74)
</failure>
  </testcase>
  <system-out><![CDATA[3 CheckStyle Issues in /Users/emmafransson/Documents/webbprogrammering/1dv607/assignments/assignment2/a2/app/src/main/java/controller/User.java
text:line: 14 column: column:1 
Missing a Javadoc comment.

text:line: 20 column: column:3 
Missing a Javadoc comment.

text:line: 27 column: column:3 
Missing a Javadoc comment.

4 CheckStyle Issues in /Users/emmafransson/Documents/webbprogrammering/1dv607/assignments/assignment2/a2/app/src/main/java/model/Contract.java
text:line: 3 column: column:1 
Missing a Javadoc comment.

text:line: 8 column: column:3 
Missing a Javadoc comment.

text:line: 23 column: 
Line is longer than 120 characters (found 125).

text:line: 46 column: column:3 
Missing a Javadoc comment.

1 CheckStyle Issues in /Users/emmafransson/Documents/webbprogrammering/1dv607/assignments/assignment2/a2/app/src/main/java/model/IdGenerator.java
text:line: 5 column: column:1 
Missing a Javadoc comment.

1 CheckStyle Issues in /Users/emmafransson/Documents/webbprogrammering/1dv607/assignments/assignment2/a2/app/src/main/java/model/Type.java
text:line: 3 column: column:1 
Missing a Javadoc comment.

4 CheckStyle Issues in /Users/emmafransson/Documents/webbprogrammering/1dv607/assignments/assignment2/a2/app/src/main/java/model/Interval.java
text:line: 5 column: column:1 
Missing a Javadoc comment.

text:line: 10 column: column:3 
Missing a Javadoc comment.

text:line: 50 column: column:3 
Missing a Javadoc comment.

text:line: 62 column: column:3 
Missing a Javadoc comment.

1 CheckStyle Issues in /Users/emmafransson/Documents/webbprogrammering/1dv607/assignments/assignment2/a2/app/src/main/java/model/DayCounter.java
text:line: 3 column: column:1 
Missing a Javadoc comment.

6 CheckStyle Issues in /Users/emmafransson/Documents/webbprogrammering/1dv607/assignments/assignment2/a2/app/src/main/java/model/Validator.java
text:line: 5 column: column:1 
Missing a Javadoc comment.

text:line: 14 column: column:3 
Missing a Javadoc comment.

text:line: 21 column: column:3 
Missing a Javadoc comment.

text:line: 28 column: column:3 
Missing a Javadoc comment.

text:line: 41 column: column:3 
Missing a Javadoc comment.

text:line: 47 column: column:3 
Missing a Javadoc comment.

1 CheckStyle Issues in /Users/emmafransson/Documents/webbprogrammering/1dv607/assignments/assignment2/a2/app/src/main/java/model/Day.java
text:line: 3 column: column:1 
Missing a Javadoc comment.

1 CheckStyle Issues in /Users/emmafransson/Documents/webbprogrammering/1dv607/assignments/assignment2/a2/app/src/main/java/model/persistence/Persistence.java
text:line: 7 column: column:1 
Missing a Javadoc comment.

1 CheckStyle Issues in /Users/emmafransson/Documents/webbprogrammering/1dv607/assignments/assignment2/a2/app/src/main/java/model/persistence/IfPersistence.java
text:line: 6 column: column:1 
Missing a Javadoc comment.

6 CheckStyle Issues in /Users/emmafransson/Documents/webbprogrammering/1dv607/assignments/assignment2/a2/app/src/main/java/model/Member.java
text:line: 6 column: column:1 
Missing a Javadoc comment.

text:line: 18 column: column:3 
Missing a Javadoc comment.

text:line: 28 column: column:3 
Missing a Javadoc comment.

text:line: 32 column: 
Line is longer than 120 characters (found 127).

text:line: 87 column: column:3 
Missing a Javadoc comment.

text:line: 102 column: column:3 
Missing a Javadoc comment.

13 CheckStyle Issues in /Users/emmafransson/Documents/webbprogrammering/1dv607/assignments/assignment2/a2/app/src/main/java/model/Registry.java
text:line: 5 column: column:1 
Missing a Javadoc comment.

text:line: 15 column: column:3 
Missing a Javadoc comment.

text:line: 33 column: column:3 
Missing a Javadoc comment.

text:line: 42 column: column:3 
Missing a Javadoc comment.

text:line: 58 column: 
Line is longer than 120 characters (found 125).

text:line: 61 column: column:3 
Missing a Javadoc comment.

text:line: 104 column: column:3 
Missing a Javadoc comment.

text:line: 106 column: column:7 
'if' has incorrect indentation level 6, expected level should be 4.

text:line: 107 column: column:9 
'if' child has incorrect indentation level 8, expected level should be 6.

text:line: 108 column: column:7 
'if rcurly' has incorrect indentation level 6, expected level should be 4.

text:line: 109 column: column:9 
'else' child has incorrect indentation level 8, expected level should be 6.

text:line: 110 column: column:7 
'else rcurly' has incorrect indentation level 6, expected level should be 4.

text:line: 113 column: column:3 
Missing a Javadoc comment.

10 CheckStyle Issues in /Users/emmafransson/Documents/webbprogrammering/1dv607/assignments/assignment2/a2/app/src/main/java/model/Item.java
text:line: 5 column: column:1 
Missing a Javadoc comment.

text:line: 14 column: column:3 
Missing a Javadoc comment.

text:line: 27 column: column:3 
Missing a Javadoc comment.

text:line: 38 column: column:3 
Missing a Javadoc comment.

text:line: 60 column: column:3 
Missing a Javadoc comment.

text:line: 71 column: column:3 
Missing a Javadoc comment.

text:line: 87 column: column:3 
Missing a Javadoc comment.

text:line: 116 column: column:3 
Missing a Javadoc comment.

text:line: 126 column: column:3 
Missing a Javadoc comment.

text:line: 136 column: column:3 
Missing a Javadoc comment.

1 CheckStyle Issues in /Users/emmafransson/Documents/webbprogrammering/1dv607/assignments/assignment2/a2/app/src/main/java/view/ItemChoice.java
text:line: 3 column: column:1 
Missing a Javadoc comment.

1 CheckStyle Issues in /Users/emmafransson/Documents/webbprogrammering/1dv607/assignments/assignment2/a2/app/src/main/java/view/MemberChoice.java
text:line: 3 column: column:1 
Missing a Javadoc comment.

1 CheckStyle Issues in /Users/emmafransson/Documents/webbprogrammering/1dv607/assignments/assignment2/a2/app/src/main/java/view/MainChoice.java
text:line: 3 column: column:1 
Missing a Javadoc comment.

15 CheckStyle Issues in /Users/emmafransson/Documents/webbprogrammering/1dv607/assignments/assignment2/a2/app/src/main/java/view/Console.java
text:line: 11 column: column:1 
Missing a Javadoc comment.

text:line: 21 column: column:3 
Missing a Javadoc comment.

text:line: 33 column: column:3 
Missing a Javadoc comment.

text:line: 44 column: column:3 
Missing a Javadoc comment.

text:line: 55 column: column:3 
Missing a Javadoc comment.

text:line: 65 column: column:3 
Missing a Javadoc comment.

text:line: 86 column: column:3 
Missing a Javadoc comment.

text:line: 104 column: column:3 
Missing a Javadoc comment.

text:line: 122 column: column:3 
Missing a Javadoc comment.

text:line: 151 column: column:3 
Missing a Javadoc comment.

text:line: 158 column: column:3 
Missing a Javadoc comment.

text:line: 165 column: column:3 
Missing a Javadoc comment.

text:line: 173 column: column:3 
Missing a Javadoc comment.

text:line: 181 column: column:3 
Missing a Javadoc comment.

text:line: 195 column: column:3 
Missing a Javadoc comment.

1 CheckStyle Issues in /Users/emmafransson/Documents/webbprogrammering/1dv607/assignments/assignment2/a2/app/src/main/java/view/UpdateMemberChoice.java
text:line: 3 column: column:1 
Missing a Javadoc comment.

2 CheckStyle Issues in /Users/emmafransson/Documents/webbprogrammering/1dv607/assignments/assignment2/a2/app/src/main/java/App.java
text:line: 4 column: column:1 
Missing a Javadoc comment.

text:line: 5 column: column:3 
Missing a Javadoc comment.

0 FindBugs Issues in view/Console.java
0 FindBugs Issues in model/Contract.java
0 FindBugs Issues in model/Registry.java
0 FindBugs Issues in view/MemberChoice.java
0 FindBugs Issues in model/Interval.java
0 FindBugs Issues in model/Member.java
0 FindBugs Issues in model/Day.java
0 FindBugs Issues in model/DayCounter.java
0 FindBugs Issues in App.java
0 FindBugs Issues in model/Type.java
0 FindBugs Issues in view/ItemChoice.java
1 FindBugs Issues in model/Item.java
text:lines: 14-142 
setOwner(Member) may expose internal representation by storing an externally mutable object into 
  Item.owner 
May expose internal representation by incorporating reference to mutable object 
This code stores a reference to an externally mutable object into the internal representation of the 
  object. If instances are accessed by untrusted code, and unchecked changes to the mutable object 
  would compromise security or other important properties, you will need to do something different. 
  Storing a copy of the object is better approach in many situations.

0 FindBugs Issues in view/UpdateMemberChoice.java
0 FindBugs Issues in model/Validator.java
0 FindBugs Issues in view/MainChoice.java
1 FindBugs Issues in controller/User.java
text:lines: 20-272 
quitProgram() invokes System.exit(...), which shuts down the entire virtual machine 
Method invokes System.exit(...) 
Invoking System.exit shuts down the entire Java virtual machine. This should only been done when it 
  is appropriate. Such calls make it hard or impossible for your code to be invoked by other code. 
  Consider throwing a RuntimeException instead.

0 FindBugs Issues in model/persistence/IfPersistence.java
0 FindBugs Issues in model/persistence/Persistence.java
0 FindBugs Issues in model/IdGenerator.java
]]></system-out>
  <system-err><![CDATA[]]></system-err>
</testsuite>
